# BLASTX 2.17.0+
# Query: AJ223353.1 Homo sapiens mRNA for histone H2B coding clone pJG4-5-15 29 ... 408 len=379
# Database: /home/s2850039/Exercises/Lecture06/nem
# Fields: query acc.ver, subject acc.ver, % identity, alignment length, mismatches, gap opens, q. start, q. end, s. start, s. end, evalue, bit score
# 38 hits found
AJ223353.1	gi|341891843|gb|EGT47778.1|	92.308	91	7	0	106	378	33	123	2.83e-59	179
AJ223353.1	gi|324516574|gb|ADY46571.1|	92.308	91	7	0	106	378	31	121	2.31e-58	176
AJ223353.1	gi|341879925|gb|EGT35860.1|	91.209	91	8	0	106	378	33	123	2.90e-58	176
AJ223353.1	gi|341880407|gb|EGT36342.1|	91.209	91	8	0	106	378	32	122	3.10e-58	176
AJ223353.1	gi|341891439|gb|EGT47374.1|	91.209	91	8	0	106	378	32	122	3.10e-58	176
AJ223353.1	gi|341891757|gb|EGT47692.1|	91.209	91	8	0	106	378	32	122	3.10e-58	176
AJ223353.1	gi|341895331|gb|EGT51266.1|	91.209	91	8	0	106	378	32	122	3.10e-58	176
AJ223353.1	gi|45476817|sp|Q27894.3|H2B2_CAEEL	91.209	91	8	0	106	378	33	123	3.30e-58	176
AJ223353.1	gi|371571187|emb|CAB07654.2|	91.209	91	8	0	106	378	33	123	3.30e-58	176
AJ223353.1	gi|341878591|gb|EGT34526.1|	91.209	91	8	0	106	378	32	122	3.31e-58	176
AJ223353.1	gi|341878597|gb|EGT34532.1|	91.209	91	8	0	106	378	32	122	3.31e-58	176
AJ223353.1	gi|341904178|gb|EGT60011.1|	91.209	91	8	0	106	378	32	122	3.65e-58	176
AJ223353.1	gi|341878629|gb|EGT34564.1|	91.209	91	8	0	106	378	32	122	3.65e-58	176
AJ223353.1	gi|341883159|gb|EGT39094.1|	91.209	91	8	0	106	378	32	122	3.65e-58	176
AJ223353.1	gi|341883203|gb|EGT39138.1|	91.209	91	8	0	106	378	32	122	3.65e-58	176
AJ223353.1	gi|341886495|gb|EGT42430.1|	91.209	91	8	0	106	378	32	122	3.65e-58	176
AJ223353.1	gi|341886763|gb|EGT42698.1|	91.209	91	8	0	106	378	32	122	3.65e-58	176
AJ223353.1	gi|341904171|gb|EGT60004.1|	91.209	91	8	0	106	378	32	122	3.65e-58	176
AJ223353.1	gi|341904175|gb|EGT60008.1|	91.209	91	8	0	106	378	32	122	3.65e-58	176
AJ223353.1	gi|341904181|gb|EGT60014.1|	91.209	91	8	0	106	378	32	122	3.65e-58	176
AJ223353.1	gi|341882887|gb|EGT38822.1|	91.209	91	8	0	106	378	32	122	3.81e-58	176
AJ223353.1	gi|3875123|emb|CAA94740.1|	91.209	91	8	0	106	378	33	123	4.20e-58	176
AJ223353.1	gi|324515315|gb|ADY46162.1|	91.209	91	8	0	106	378	32	122	4.30e-58	176
AJ223353.1	gi|3877576|emb|CAB05211.1|	91.209	91	8	0	106	378	33	123	4.49e-58	176
AJ223353.1	gi|3873704|emb|CAA97413.1|	91.209	91	8	0	106	378	33	123	4.49e-58	176
AJ223353.1	gi|351061535|emb|CCD69391.1|	91.209	91	8	0	106	378	33	123	4.49e-58	176
AJ223353.1	gi|402587004|gb|EJW80940.1|	91.209	91	8	0	106	378	32	122	7.28e-58	175
AJ223353.1	gi|341883089|gb|EGT39024.1|	90.110	91	9	0	106	378	32	122	2.18e-57	174
AJ223353.1	gi|402587741|gb|EJW81676.1|	90.110	91	9	0	106	378	32	122	4.96e-57	173
AJ223353.1	gi|341902383|gb|EGT58318.1|	89.011	91	10	0	106	378	22	112	6.46e-56	170
AJ223353.1	gi|324544853|gb|ADY49688.1|	86.957	92	9	1	112	378	34	125	5.99e-54	166
AJ223353.1	gi|402580233|gb|EJW74183.1|	85.556	90	13	0	106	375	40	129	4.28e-53	164
AJ223353.1	gi|402587740|gb|EJW81675.1|	32.692	52	32	2	106	261	44	92	0.17	31.2
AJ223353.1	gi|324523185|gb|ADY48205.1|	29.032	62	43	1	124	306	39	100	0.76	29.6
AJ223353.1	gi|341887257|gb|EGT43192.1|	52.000	25	12	0	268	342	2058	2082	5.1	27.7
AJ223353.1	gi|341903456|gb|EGT59391.1|	41.935	31	15	1	111	194	1866	1896	5.7	27.3
AJ223353.1	gi|341897853|gb|EGT53788.1|	57.895	19	8	0	317	373	1272	1290	8.9	26.9
AJ223353.1	gi|402582687|gb|EJW76632.1|	44.000	25	14	0	227	153	83	107	9.0	26.6
# BLAST processed 1 queries
